<?xml version="1.0" encoding="UTF-8"?>
<!-- Generated by org.testng.reporters.JUnitXMLReporter -->
<testsuite hostname="LENOVO" ignored="0" name="Test" tests="1" failures="1" timestamp="17 Jun 2018 05:05:36 GMT" time="29.703" errors="0">
  <testcase name="createLeads" time="21.185" classname="testcases.TC006_MergeLead">
    <failure type="java.lang.RuntimeException">
      <![CDATA[java.lang.RuntimeException
at utils.Reporter.reportStep(Reporter.java:60)
at utils.Reporter.reportStep(Reporter.java:70)
at wdMethods.SeMethods.verifyExactText(SeMethods.java:224)
at pages.FindLeadPage.verifyNoResult(FindLeadPage.java:53)
at testcases.TC006_MergeLead.createLeads(TC006_MergeLead.java:52)
... Removed 25 stack frames]]>
    </failure>
  </testcase> <!-- createLeads -->
</testsuite> <!-- Test -->
