<?xml version="1.0" encoding="UTF-8"?>
<testng-results skipped="0" failed="1" ignored="0" total="1" passed="0">
  <reporter-output>
  </reporter-output>
  <suite name="Suite" duration-ms="29703" started-at="2018-06-17T05:05:06Z" finished-at="2018-06-17T05:05:36Z">
    <groups>
    </groups>
    <test name="Test" duration-ms="29703" started-at="2018-06-17T05:05:06Z" finished-at="2018-06-17T05:05:36Z">
      <class name="testcases.TC006_MergeLead">
        <test-method status="PASS" signature="beforeSuite()[pri:0, instance:testcases.TC006_MergeLead@136e911]" name="beforeSuite" is-config="true" duration-ms="765" started-at="2018-06-17T05:05:05Z" finished-at="2018-06-17T05:05:06Z">
          <reporter-output>
          </reporter-output>
        </test-method> <!-- beforeSuite -->
        <test-method status="PASS" signature="setData()[pri:0, instance:testcases.TC006_MergeLead@136e911]" name="setData" is-config="true" duration-ms="0" started-at="2018-06-17T05:05:06Z" finished-at="2018-06-17T05:05:06Z">
          <reporter-output>
          </reporter-output>
        </test-method> <!-- setData -->
        <test-method status="PASS" signature="beforeClass()[pri:0, instance:testcases.TC006_MergeLead@136e911]" name="beforeClass" is-config="true" duration-ms="1" started-at="2018-06-17T05:05:06Z" finished-at="2018-06-17T05:05:06Z">
          <reporter-output>
          </reporter-output>
        </test-method> <!-- beforeClass -->
        <test-method status="PASS" signature="beforeMethod()[pri:0, instance:testcases.TC006_MergeLead@136e911]" name="beforeMethod" is-config="true" duration-ms="6912" started-at="2018-06-17T05:05:07Z" finished-at="2018-06-17T05:05:14Z">
          <reporter-output>
          </reporter-output>
        </test-method> <!-- beforeMethod -->
        <test-method status="FAIL" signature="createLeads(java.lang.String, java.lang.String, java.lang.String, java.lang.String)[pri:0, instance:testcases.TC006_MergeLead@136e911]" name="createLeads" duration-ms="21185" started-at="2018-06-17T05:05:14Z" data-provider="fetchData" finished-at="2018-06-17T05:05:35Z">
          <params>
            <param index="0">
              <value>
                <![CDATA[DemoSalesManager]]>
              </value>
            </param>
            <param index="1">
              <value>
                <![CDATA[crmsfa]]>
              </value>
            </param>
            <param index="2">
              <value>
                <![CDATA[a]]>
              </value>
            </param>
            <param index="3">
              <value>
                <![CDATA[m]]>
              </value>
            </param>
          </params>
          <exception class="java.lang.RuntimeException">
            <full-stacktrace>
              <![CDATA[java.lang.RuntimeException
at utils.Reporter.reportStep(Reporter.java:60)
at utils.Reporter.reportStep(Reporter.java:70)
at wdMethods.SeMethods.verifyExactText(SeMethods.java:224)
at pages.FindLeadPage.verifyNoResult(FindLeadPage.java:53)
at testcases.TC006_MergeLead.createLeads(TC006_MergeLead.java:52)
at sun.reflect.NativeMethodAccessorImpl.invoke0(Native Method)
at sun.reflect.NativeMethodAccessorImpl.invoke(NativeMethodAccessorImpl.java:62)
at sun.reflect.DelegatingMethodAccessorImpl.invoke(DelegatingMethodAccessorImpl.java:43)
at java.lang.reflect.Method.invoke(Method.java:483)
at org.testng.internal.MethodInvocationHelper.invokeMethod(MethodInvocationHelper.java:124)
at org.testng.internal.Invoker.invokeMethod(Invoker.java:583)
at org.testng.internal.Invoker.invokeTestMethod(Invoker.java:719)
at org.testng.internal.Invoker.invokeTestMethods(Invoker.java:989)
at org.testng.internal.TestMethodWorker.invokeTestMethods(TestMethodWorker.java:125)
at org.testng.internal.TestMethodWorker.run(TestMethodWorker.java:109)
at org.testng.TestRunner.privateRun(TestRunner.java:648)
at org.testng.TestRunner.run(TestRunner.java:505)
at org.testng.SuiteRunner.runTest(SuiteRunner.java:455)
at org.testng.SuiteRunner.runSequentially(SuiteRunner.java:450)
at org.testng.SuiteRunner.privateRun(SuiteRunner.java:415)
at org.testng.SuiteRunner.run(SuiteRunner.java:364)
at org.testng.SuiteRunnerWorker.runSuite(SuiteRunnerWorker.java:52)
at org.testng.SuiteRunnerWorker.run(SuiteRunnerWorker.java:84)
at org.testng.TestNG.runSuitesSequentially(TestNG.java:1208)
at org.testng.TestNG.runSuitesLocally(TestNG.java:1137)
at org.testng.TestNG.runSuites(TestNG.java:1049)
at org.testng.TestNG.run(TestNG.java:1017)
at org.testng.remote.AbstractRemoteTestNG.run(AbstractRemoteTestNG.java:114)
at org.testng.remote.RemoteTestNG.initAndRun(RemoteTestNG.java:251)
at org.testng.remote.RemoteTestNG.main(RemoteTestNG.java:77)
]]>
            </full-stacktrace>
          </exception> <!-- java.lang.RuntimeException -->
          <reporter-output>
          </reporter-output>
        </test-method> <!-- createLeads -->
        <test-method status="PASS" signature="afterMethod()[pri:0, instance:testcases.TC006_MergeLead@136e911]" name="afterMethod" is-config="true" duration-ms="726" started-at="2018-06-17T05:05:35Z" finished-at="2018-06-17T05:05:36Z">
          <reporter-output>
          </reporter-output>
        </test-method> <!-- afterMethod -->
        <test-method status="PASS" signature="afterTest()[pri:0, instance:testcases.TC006_MergeLead@136e911]" name="afterTest" is-config="true" duration-ms="0" started-at="2018-06-17T05:05:36Z" finished-at="2018-06-17T05:05:36Z">
          <reporter-output>
          </reporter-output>
        </test-method> <!-- afterTest -->
        <test-method status="PASS" signature="afterSuite()[pri:0, instance:testcases.TC006_MergeLead@136e911]" name="afterSuite" is-config="true" duration-ms="464" started-at="2018-06-17T05:05:36Z" finished-at="2018-06-17T05:05:36Z">
          <reporter-output>
          </reporter-output>
        </test-method> <!-- afterSuite -->
      </class> <!-- testcases.TC006_MergeLead -->
    </test> <!-- Test -->
  </suite> <!-- Suite -->
</testng-results>
